<?xml version="1.0" encoding="UTF-8"?>
<!-- Generated by org.testng.reporters.JUnitReportReporter -->
<testsuite hostname="DESKTOP-SIM7OHA" failures="0" tests="1" name="practiceTopic.SpecificMethodToRun" time="29.982" errors="0" timestamp="2022-06-09T17:04:09 IST" skipped="0">
  <testcase classname="practiceTopic.SpecificMethodToRun" name="createContactTest" time="29.982"/>
  <system-out/>
</testsuite> <!-- practiceTopic.SpecificMethodToRun -->
