<?xml version="1.0" encoding="UTF-8"?>
<!-- Generated by org.testng.reporters.JUnitReportReporter -->
<testsuite hostname="DESKTOP-SIM7OHA" failures="0" tests="1" name="com.crm.timec.campaignTest.CreateCampainWithProductTestng" time="27.628" errors="0" timestamp="2022-06-09T12:47:55 IST" skipped="0">
  <testcase classname="com.crm.timec.campaignTest.CreateCampainWithProductTestng" name="createCampaignWithProduct" time="27.628"/>
  <system-out/>
</testsuite> <!-- com.crm.timec.campaignTest.CreateCampainWithProductTestng -->
