<?xml version="1.0" encoding="UTF-8"?>
<!-- Generated by org.testng.reporters.JUnitReportReporter -->
<testsuite hostname="DESKTOP-SIM7OHA" failures="0" tests="1" name="com.crm.timec.campaignTest.CreateCampaignTestng" time="110.243" errors="0" timestamp="2022-06-15T13:07:49 IST" skipped="0">
  <testcase classname="com.crm.timec.campaignTest.CreateCampaignTestng" name="createCampaign" time="110.243"/>
  <system-out/>
</testsuite> <!-- com.crm.timec.campaignTest.CreateCampaignTestng -->
