<?xml version="1.0" encoding="UTF-8"?>
<!-- Generated by org.testng.reporters.JUnitReportReporter -->
<testsuite hostname="DESKTOP-SIM7OHA" failures="0" tests="1" name="com.crm.timec.contactTest.CreateContactTestng" time="14.837" errors="0" timestamp="2022-06-11T12:30:04 IST" skipped="0">
  <testcase classname="com.crm.timec.contactTest.CreateContactTestng" name="createContactTest" time="14.837"/>
  <system-out/>
</testsuite> <!-- com.crm.timec.contactTest.CreateContactTestng -->
