<?xml version="1.0" encoding="UTF-8"?>
<!-- Generated by org.testng.reporters.JUnitReportReporter -->
<testsuite hostname="DESKTOP-SIM7OHA" failures="0" tests="5" name="practiceTopic.SampleTest" time="0.026" errors="0" timestamp="2022-06-08T16:43:10 IST" skipped="0">
  <testcase classname="practiceTopic.SampleTest" name="delteContactTest" time="0.011"/>
  <system-out/>
  <testcase classname="practiceTopic.SampleTest" name="modifyContactTest" time="0.006"/>
  <system-out/>
  <testcase classname="practiceTopic.SampleTest" name="modifyContactTest" time="0.005"/>
  <system-out/>
  <testcase classname="practiceTopic.SampleTest" name="modifyContactTest" time="0.002"/>
  <system-out/>
  <testcase classname="practiceTopic.SampleTest" name="createContactTest" time="0.002"/>
  <system-out/>
</testsuite> <!-- practiceTopic.SampleTest -->
