<?xml version="1.0" encoding="UTF-8"?>
<!-- Generated by org.testng.reporters.JUnitReportReporter -->
<testsuite hostname="DESKTOP-SIM7OHA" failures="0" tests="3" name="practiceTopic.DataProviderWithDDt" time="0.023" errors="0" timestamp="2022-06-11T11:26:09 IST" skipped="0">
  <testcase classname="practiceTopic.DataProviderWithDDt" name="bookTickets" time="0.007"/>
  <system-out/>
  <testcase classname="practiceTopic.DataProviderWithDDt" name="bookTickets" time="0.005"/>
  <system-out/>
  <testcase classname="practiceTopic.DataProviderWithDDt" name="bookTickets" time="0.011"/>
  <system-out/>
</testsuite> <!-- practiceTopic.DataProviderWithDDt -->
