<?xml version="1.0" encoding="UTF-8"?>
<!-- Generated by org.testng.reporters.JUnitReportReporter -->
<testsuite hostname="DESKTOP-SIM7OHA" failures="0" tests="3" name="practiceTopic.DataProviderWithoutDDTTest" time="0.015" errors="0" timestamp="2022-06-11T10:59:01 IST" skipped="0">
  <testcase classname="practiceTopic.DataProviderWithoutDDTTest" name="bookTicket" time="0.011"/>
  <system-out/>
  <testcase classname="practiceTopic.DataProviderWithoutDDTTest" name="bookTicket" time="0.002"/>
  <system-out/>
  <testcase classname="practiceTopic.DataProviderWithoutDDTTest" name="bookTicket" time="0.002"/>
  <system-out/>
</testsuite> <!-- practiceTopic.DataProviderWithoutDDTTest -->
