<?xml version="1.0" encoding="UTF-8"?>
<!-- Generated by org.testng.reporters.JUnitReportReporter -->
<testsuite hostname="DESKTOP-SIM7OHA" failures="0" tests="1" name="com.crm.timec.organizationTest.CreateOrgTestng" time="60.217" errors="0" timestamp="2022-06-13T15:12:23 IST" skipped="0">
  <testcase classname="com.crm.timec.organizationTest.CreateOrgTestng" name="createOrg" time="60.217"/>
  <system-out/>
</testsuite> <!-- com.crm.timec.organizationTest.CreateOrgTestng -->
