<?xml version="1.0" encoding="UTF-8"?>
<!-- Generated by org.testng.reporters.JUnitReportReporter -->
<testsuite hostname="DESKTOP-SIM7OHA" failures="0" tests="2" name="com.crm.timec.contactTest.CreateContactWithoutMandatoryTestng" time="72.764" errors="0" timestamp="2022-06-11T10:41:00 IST" skipped="0">
  <testcase classname="com.crm.timec.contactTest.CreateContactWithoutMandatoryTestng" name="createContactWithoutMandatTest" time="42.730"/>
  <system-out/>
  <testcase classname="com.crm.timec.contactTest.CreateContactWithoutMandatoryTestng" name="createContactWithoutMandatTest" time="30.034"/>
  <system-out/>
</testsuite> <!-- com.crm.timec.contactTest.CreateContactWithoutMandatoryTestng -->
